<?xml version="1.0" encoding="UTF-8"?>
<testng-results ignored="0" total="1" passed="1" failed="0" skipped="0">
  <reporter-output>
  </reporter-output>
  <suite started-at="2021-04-22T16:20:41 IST" name="Default suite" finished-at="2021-04-22T16:20:54 IST" duration-ms="12607">
    <groups>
    </groups>
    <test started-at="2021-04-22T16:20:41 IST" name="Default test" finished-at="2021-04-22T16:20:54 IST" duration-ms="12607">
      <class name="com.sp.utilities.RegressionTests">
        <test-method signature="tc_01()[pri:0, instance:com.sp.utilities.RegressionTests@117159c0]" started-at="2021-04-22T16:20:41 IST" name="tc_01" finished-at="2021-04-22T16:20:52 IST" duration-ms="11224" status="PASS">
          <reporter-output>
          </reporter-output>
        </test-method> <!-- tc_01 -->
        <test-method is-config="true" signature="tearDown()[pri:0, instance:com.sp.utilities.RegressionTests@117159c0]" started-at="2021-04-22T16:20:52 IST" name="tearDown" finished-at="2021-04-22T16:20:54 IST" duration-ms="1347" status="PASS">
          <reporter-output>
          </reporter-output>
        </test-method> <!-- tearDown -->
      </class> <!-- com.sp.utilities.RegressionTests -->
    </test> <!-- Default test -->
  </suite> <!-- Default suite -->
</testng-results>
