<?xml version="1.0" encoding="UTF-8"?>
<!-- Generated by org.testng.reporters.JUnitReportReporter -->
<testsuite hostname="LAPTOP-489MD1P8" failures="0" tests="1" name="com.sp.testrunner.Runner" time="30.146" errors="1" timestamp="2021-04-20T17:13:36 IST" skipped="0">
  <testcase classname="com.sp.testrunner.Runner" name="runScenario" time="30.146">
    <error message="Cannot invoke &quot;com.sp.pageObjects.SigninPage.beforeclickSignin()&quot; because &quot;this.sp&quot; is null" type="java.lang.NullPointerException">
      <![CDATA[java.lang.NullPointerException: Cannot invoke "com.sp.pageObjects.SigninPage.beforeclickSignin()" because "this.sp" is null
at com.sp.stepdefinations.SignInStep.user_opens_url(SignInStep.java:26)
at ✽.User opens URL of IJMeet(file:///F:/Workspace/IjmeetApplication/src/test/resources/Features/SignInPage.feature:5)
]]>
    </error>
  </testcase> <!-- runScenario -->
  <system-out/>
</testsuite> <!-- com.sp.testrunner.Runner -->
